c:\users\kizito\onedrive - city, university of london\in2026\2024_2025\coursework\in2026 coursework code\vc\asteroids\debug\vc143.pdb
c:\users\kizito\onedrive - city, university of london\in2026\2024_2025\coursework\in2026 coursework code\vc\asteroids\debug\vc143.idb
c:\users\kizito\onedrive - city, university of london\in2026\2024_2025\coursework\in2026 coursework code\vc\asteroids\debug\asteroid.obj
c:\users\kizito\onedrive - city, university of london\in2026\2024_2025\coursework\in2026 coursework code\vc\asteroids\debug\asteroids.obj
c:\users\kizito\onedrive - city, university of london\in2026\2024_2025\coursework\in2026 coursework code\vc\asteroids\debug\bullet.obj
c:\users\kizito\onedrive - city, university of london\in2026\2024_2025\coursework\in2026 coursework code\vc\asteroids\debug\explosion.obj
c:\users\kizito\onedrive - city, university of london\in2026\2024_2025\coursework\in2026 coursework code\vc\asteroids\debug\main.obj
c:\users\kizito\onedrive - city, university of london\in2026\2024_2025\coursework\in2026 coursework code\vc\asteroids\debug\spaceship.obj
c:\users\kizis\onedrive - city, university of london\in2026\2024_2025\coursework\in2026 coursework code\bin\asteroids.exe
c:\users\kizis\onedrive - city, university of london\in2026\2024_2025\coursework\in2026 coursework code\vc\asteroids\debug\asteroids.pdb
c:\users\kizito\onedrive - city, university of london\in2026\2024_2025\coursework\in2026 coursework code\bin\asteroids.exe
c:\users\kizito\onedrive - city, university of london\in2026\2024_2025\coursework\in2026 coursework code\vc\asteroids\debug\asteroids.pdb
c:\users\kizito\onedrive - city, university of london\in2026\2024_2025\coursework\in2026 coursework code\vc\asteroids\debug\asteroids.ilk
c:\users\kizito\onedrive - city, university of london\in2026\2024_2025\coursework\in2026 coursework code\vc\asteroids\debug\asteroids.tlog\cl.command.1.tlog
c:\users\kizito\onedrive - city, university of london\in2026\2024_2025\coursework\in2026 coursework code\vc\asteroids\debug\asteroids.tlog\cl.items.tlog
c:\users\kizito\onedrive - city, university of london\in2026\2024_2025\coursework\in2026 coursework code\vc\asteroids\debug\asteroids.tlog\cl.read.1.tlog
c:\users\kizito\onedrive - city, university of london\in2026\2024_2025\coursework\in2026 coursework code\vc\asteroids\debug\asteroids.tlog\cl.write.1.tlog
c:\users\kizito\onedrive - city, university of london\in2026\2024_2025\coursework\in2026 coursework code\vc\asteroids\debug\asteroids.tlog\link.command.1.tlog
c:\users\kizito\onedrive - city, university of london\in2026\2024_2025\coursework\in2026 coursework code\vc\asteroids\debug\asteroids.tlog\link.read.1.tlog
c:\users\kizito\onedrive - city, university of london\in2026\2024_2025\coursework\in2026 coursework code\vc\asteroids\debug\asteroids.tlog\link.secondary.1.tlog
c:\users\kizito\onedrive - city, university of london\in2026\2024_2025\coursework\in2026 coursework code\vc\asteroids\debug\asteroids.tlog\link.write.1.tlog
